2025-10-01 10:40:10,752 :: 2924 [restartedMain] INFO  c.j.jiffy_edge.JiffyEdgeApplication - Starting JiffyEdgeApplication using Java 24.0.2 with PID 17816 (D:\STSO-2025\STS2025\jiffy-edge\target\classes started by HP in D:\STSO-2025\STS2025\jiffy-edge)
2025-10-01 10:40:10,760 :: 2932 [restartedMain] DEBUG c.j.jiffy_edge.JiffyEdgeApplication - Running with Spring Boot v3.5.3, Spring v6.2.8
2025-10-01 10:40:10,762 :: 2934 [restartedMain] INFO  c.j.jiffy_edge.JiffyEdgeApplication - No active profile set, falling back to 1 default profile: "default"
2025-10-01 10:40:18,672 :: 10844 [restartedMain] INFO  o.a.coyote.http11.Http11NioProtocol - Initializing ProtocolHandler ["http-nio-8080"]
2025-10-01 10:40:18,676 :: 10848 [restartedMain] INFO  o.a.catalina.core.StandardService - Starting service [Tomcat]
2025-10-01 10:40:18,676 :: 10848 [restartedMain] INFO  o.a.catalina.core.StandardEngine - Starting Servlet engine: [Apache Tomcat/10.1.42]
2025-10-01 10:40:19,292 :: 11464 [restartedMain] INFO  o.a.c.c.C.[Tomcat].[localhost].[/] - Initializing Spring embedded WebApplicationContext
2025-10-01 10:40:19,393 :: 11565 [restartedMain] DEBUG i.m.c.u.i.l.InternalLoggerFactory - Using SLF4J as the default logging framework
2025-10-01 10:40:19,944 :: 12116 [restartedMain] DEBUG com.zaxxer.hikari.HikariConfig - Class com.mysql.cj.jdbc.Driver found in Thread context class loader org.springframework.boot.devtools.restart.classloader.RestartClassLoader@5ca6cf80
2025-10-01 10:40:20,183 :: 12355 [restartedMain] DEBUG org.jboss.logging - Logging Provider: org.jboss.logging.Slf4jLoggerProvider found via system property
2025-10-01 10:40:21,926 :: 14098 [restartedMain] DEBUG com.zaxxer.hikari.HikariConfig - HikariPool-1 - configuration:
2025-10-01 10:40:21,937 :: 14109 [restartedMain] DEBUG com.zaxxer.hikari.HikariConfig - allowPoolSuspension.............false
2025-10-01 10:40:21,937 :: 14109 [restartedMain] DEBUG com.zaxxer.hikari.HikariConfig - autoCommit......................true
2025-10-01 10:40:21,938 :: 14110 [restartedMain] DEBUG com.zaxxer.hikari.HikariConfig - catalog.........................none
2025-10-01 10:40:21,938 :: 14110 [restartedMain] DEBUG com.zaxxer.hikari.HikariConfig - connectionInitSql...............none
2025-10-01 10:40:21,938 :: 14110 [restartedMain] DEBUG com.zaxxer.hikari.HikariConfig - connectionTestQuery.............none
2025-10-01 10:40:21,941 :: 14113 [restartedMain] DEBUG com.zaxxer.hikari.HikariConfig - connectionTimeout...............30000
2025-10-01 10:40:21,942 :: 14114 [restartedMain] DEBUG com.zaxxer.hikari.HikariConfig - credentials.....................com.zaxxer.hikari.util.Credentials@3b521954
2025-10-01 10:40:21,942 :: 14114 [restartedMain] DEBUG com.zaxxer.hikari.HikariConfig - dataSource......................none
2025-10-01 10:40:21,942 :: 14114 [restartedMain] DEBUG com.zaxxer.hikari.HikariConfig - dataSourceClassName.............none
2025-10-01 10:40:21,942 :: 14114 [restartedMain] DEBUG com.zaxxer.hikari.HikariConfig - dataSourceJNDI..................none
2025-10-01 10:40:21,943 :: 14115 [restartedMain] DEBUG com.zaxxer.hikari.HikariConfig - dataSourceProperties............{password=<masked>}
2025-10-01 10:40:21,944 :: 14116 [restartedMain] DEBUG com.zaxxer.hikari.HikariConfig - driverClassName................."com.mysql.cj.jdbc.Driver"
2025-10-01 10:40:21,944 :: 14116 [restartedMain] DEBUG com.zaxxer.hikari.HikariConfig - exceptionOverride...............none
2025-10-01 10:40:21,944 :: 14116 [restartedMain] DEBUG com.zaxxer.hikari.HikariConfig - exceptionOverrideClassName......none
2025-10-01 10:40:21,944 :: 14116 [restartedMain] DEBUG com.zaxxer.hikari.HikariConfig - healthCheckProperties...........{}
2025-10-01 10:40:21,945 :: 14117 [restartedMain] DEBUG com.zaxxer.hikari.HikariConfig - healthCheckRegistry.............none
2025-10-01 10:40:21,945 :: 14117 [restartedMain] DEBUG com.zaxxer.hikari.HikariConfig - idleTimeout.....................600000
2025-10-01 10:40:21,945 :: 14117 [restartedMain] DEBUG com.zaxxer.hikari.HikariConfig - initializationFailTimeout.......1
2025-10-01 10:40:21,946 :: 14118 [restartedMain] DEBUG com.zaxxer.hikari.HikariConfig - isolateInternalQueries..........false
2025-10-01 10:40:21,946 :: 14118 [restartedMain] DEBUG com.zaxxer.hikari.HikariConfig - jdbcUrl.........................jdbc:mysql://localhost:3306/jiffyedge
2025-10-01 10:40:21,946 :: 14118 [restartedMain] DEBUG com.zaxxer.hikari.HikariConfig - keepaliveTime...................120000
2025-10-01 10:40:21,947 :: 14119 [restartedMain] DEBUG com.zaxxer.hikari.HikariConfig - leakDetectionThreshold..........0
2025-10-01 10:40:21,947 :: 14119 [restartedMain] DEBUG com.zaxxer.hikari.HikariConfig - maxLifetime.....................1800000
2025-10-01 10:40:21,947 :: 14119 [restartedMain] DEBUG com.zaxxer.hikari.HikariConfig - maximumPoolSize.................10
2025-10-01 10:40:21,948 :: 14120 [restartedMain] DEBUG com.zaxxer.hikari.HikariConfig - metricRegistry..................none
2025-10-01 10:40:21,948 :: 14120 [restartedMain] DEBUG com.zaxxer.hikari.HikariConfig - metricsTrackerFactory...........none
2025-10-01 10:40:21,948 :: 14120 [restartedMain] DEBUG com.zaxxer.hikari.HikariConfig - minimumIdle.....................10
2025-10-01 10:40:21,948 :: 14120 [restartedMain] DEBUG com.zaxxer.hikari.HikariConfig - password........................<masked>
2025-10-01 10:40:21,948 :: 14120 [restartedMain] DEBUG com.zaxxer.hikari.HikariConfig - poolName........................"HikariPool-1"
2025-10-01 10:40:21,949 :: 14121 [restartedMain] DEBUG com.zaxxer.hikari.HikariConfig - readOnly........................false
2025-10-01 10:40:21,949 :: 14121 [restartedMain] DEBUG com.zaxxer.hikari.HikariConfig - registerMbeans..................false
2025-10-01 10:40:21,949 :: 14121 [restartedMain] DEBUG com.zaxxer.hikari.HikariConfig - scheduledExecutor...............none
2025-10-01 10:40:21,950 :: 14122 [restartedMain] DEBUG com.zaxxer.hikari.HikariConfig - schema..........................none
2025-10-01 10:40:21,950 :: 14122 [restartedMain] DEBUG com.zaxxer.hikari.HikariConfig - threadFactory...................internal
2025-10-01 10:40:21,950 :: 14122 [restartedMain] DEBUG com.zaxxer.hikari.HikariConfig - transactionIsolation............default
2025-10-01 10:40:21,950 :: 14122 [restartedMain] DEBUG com.zaxxer.hikari.HikariConfig - username........................"jiffyedgeusr"
2025-10-01 10:40:21,951 :: 14123 [restartedMain] DEBUG com.zaxxer.hikari.HikariConfig - validationTimeout...............5000
2025-10-01 10:40:21,951 :: 14123 [restartedMain] INFO  com.zaxxer.hikari.HikariDataSource - HikariPool-1 - Starting...
2025-10-01 10:40:22,007 :: 14179 [restartedMain] DEBUG com.zaxxer.hikari.pool.PoolBase - HikariPool-1 - Attempting to create/setup new connection (7a28b586-1771-428b-935e-f306cdc0795a)
2025-10-01 10:40:23,034 :: 15206 [restartedMain] DEBUG com.zaxxer.hikari.pool.PoolBase - HikariPool-1 - Established new connection (7a28b586-1771-428b-935e-f306cdc0795a)
2025-10-01 10:40:23,036 :: 15208 [restartedMain] INFO  com.zaxxer.hikari.pool.HikariPool - HikariPool-1 - Added connection com.mysql.cj.jdbc.ConnectionImpl@2bfe6f5e
2025-10-01 10:40:23,045 :: 15217 [restartedMain] INFO  com.zaxxer.hikari.HikariDataSource - HikariPool-1 - Start completed.
2025-10-01 10:40:23,163 :: 15335 [HikariPool-1:housekeeper] DEBUG com.zaxxer.hikari.pool.HikariPool - HikariPool-1 - Pool stats (total=1/10, idle=0/10, active=1, waiting=0)
2025-10-01 10:40:23,167 :: 15339 [HikariPool-1:connection-adder] DEBUG com.zaxxer.hikari.pool.PoolBase - HikariPool-1 - Attempting to create/setup new connection (52276f6b-1ca7-4664-b68a-9a6091ad2d3a)
2025-10-01 10:40:23,240 :: 15412 [HikariPool-1:connection-adder] DEBUG com.zaxxer.hikari.pool.PoolBase - HikariPool-1 - Established new connection (52276f6b-1ca7-4664-b68a-9a6091ad2d3a)
2025-10-01 10:40:23,241 :: 15413 [HikariPool-1:connection-adder] DEBUG com.zaxxer.hikari.pool.HikariPool - HikariPool-1 - Added connection com.mysql.cj.jdbc.ConnectionImpl@6aa0c586
2025-10-01 10:40:23,271 :: 15443 [HikariPool-1:connection-adder] DEBUG com.zaxxer.hikari.pool.HikariPool - HikariPool-1 - After adding stats (total=2/10, idle=1/10, active=1, waiting=0)
2025-10-01 10:40:23,271 :: 15443 [HikariPool-1:connection-adder] DEBUG com.zaxxer.hikari.pool.PoolBase - HikariPool-1 - Attempting to create/setup new connection (94664aa6-1403-4fb4-aa38-384bab6a242e)
2025-10-01 10:40:23,303 :: 15475 [HikariPool-1:connection-adder] DEBUG com.zaxxer.hikari.pool.PoolBase - HikariPool-1 - Established new connection (94664aa6-1403-4fb4-aa38-384bab6a242e)
2025-10-01 10:40:23,304 :: 15476 [HikariPool-1:connection-adder] DEBUG com.zaxxer.hikari.pool.HikariPool - HikariPool-1 - Added connection com.mysql.cj.jdbc.ConnectionImpl@2b9dcfbd
2025-10-01 10:40:23,335 :: 15507 [HikariPool-1:connection-adder] DEBUG com.zaxxer.hikari.pool.HikariPool - HikariPool-1 - After adding stats (total=3/10, idle=3/10, active=0, waiting=0)
2025-10-01 10:40:23,335 :: 15507 [HikariPool-1:connection-adder] DEBUG com.zaxxer.hikari.pool.PoolBase - HikariPool-1 - Attempting to create/setup new connection (d63c5d43-7ab7-4c06-94d4-af8350325188)
2025-10-01 10:40:23,371 :: 15543 [HikariPool-1:connection-adder] DEBUG com.zaxxer.hikari.pool.PoolBase - HikariPool-1 - Established new connection (d63c5d43-7ab7-4c06-94d4-af8350325188)
2025-10-01 10:40:23,372 :: 15544 [HikariPool-1:connection-adder] DEBUG com.zaxxer.hikari.pool.HikariPool - HikariPool-1 - Added connection com.mysql.cj.jdbc.ConnectionImpl@1afc06f3
2025-10-01 10:40:23,402 :: 15574 [HikariPool-1:connection-adder] DEBUG com.zaxxer.hikari.pool.HikariPool - HikariPool-1 - After adding stats (total=4/10, idle=4/10, active=0, waiting=0)
2025-10-01 10:40:23,402 :: 15574 [HikariPool-1:connection-adder] DEBUG com.zaxxer.hikari.pool.PoolBase - HikariPool-1 - Attempting to create/setup new connection (46aaf6dd-ed6d-45c6-b531-2b8d4da3b2c7)
2025-10-01 10:40:23,434 :: 15606 [HikariPool-1:connection-adder] DEBUG com.zaxxer.hikari.pool.PoolBase - HikariPool-1 - Established new connection (46aaf6dd-ed6d-45c6-b531-2b8d4da3b2c7)
2025-10-01 10:40:23,435 :: 15607 [HikariPool-1:connection-adder] DEBUG com.zaxxer.hikari.pool.HikariPool - HikariPool-1 - Added connection com.mysql.cj.jdbc.ConnectionImpl@4bb230f2
2025-10-01 10:40:23,466 :: 15638 [HikariPool-1:connection-adder] DEBUG com.zaxxer.hikari.pool.HikariPool - HikariPool-1 - After adding stats (total=5/10, idle=5/10, active=0, waiting=0)
2025-10-01 10:40:23,466 :: 15638 [HikariPool-1:connection-adder] DEBUG com.zaxxer.hikari.pool.PoolBase - HikariPool-1 - Attempting to create/setup new connection (83dedf55-56e1-42ed-bfa7-4c88f23f7b14)
2025-10-01 10:40:23,497 :: 15669 [HikariPool-1:connection-adder] DEBUG com.zaxxer.hikari.pool.PoolBase - HikariPool-1 - Established new connection (83dedf55-56e1-42ed-bfa7-4c88f23f7b14)
2025-10-01 10:40:23,497 :: 15669 [HikariPool-1:connection-adder] DEBUG com.zaxxer.hikari.pool.HikariPool - HikariPool-1 - Added connection com.mysql.cj.jdbc.ConnectionImpl@4ffc8ff9
2025-10-01 10:40:23,549 :: 15721 [HikariPool-1:connection-adder] DEBUG com.zaxxer.hikari.pool.HikariPool - HikariPool-1 - After adding stats (total=6/10, idle=6/10, active=0, waiting=0)
2025-10-01 10:40:23,550 :: 15722 [HikariPool-1:connection-adder] DEBUG com.zaxxer.hikari.pool.PoolBase - HikariPool-1 - Attempting to create/setup new connection (d76f401b-7b9a-477e-bf67-7fb7f0146fde)
2025-10-01 10:40:23,597 :: 15769 [HikariPool-1:connection-adder] DEBUG com.zaxxer.hikari.pool.PoolBase - HikariPool-1 - Established new connection (d76f401b-7b9a-477e-bf67-7fb7f0146fde)
2025-10-01 10:40:23,597 :: 15769 [HikariPool-1:connection-adder] DEBUG com.zaxxer.hikari.pool.HikariPool - HikariPool-1 - Added connection com.mysql.cj.jdbc.ConnectionImpl@3fc8d74e
2025-10-01 10:40:23,628 :: 15800 [HikariPool-1:connection-adder] DEBUG com.zaxxer.hikari.pool.HikariPool - HikariPool-1 - After adding stats (total=7/10, idle=7/10, active=0, waiting=0)
2025-10-01 10:40:23,628 :: 15800 [HikariPool-1:connection-adder] DEBUG com.zaxxer.hikari.pool.PoolBase - HikariPool-1 - Attempting to create/setup new connection (f79cd4b6-3fde-4c2c-b242-0b9254675ae9)
2025-10-01 10:40:23,655 :: 15827 [HikariPool-1:connection-adder] DEBUG com.zaxxer.hikari.pool.PoolBase - HikariPool-1 - Established new connection (f79cd4b6-3fde-4c2c-b242-0b9254675ae9)
2025-10-01 10:40:23,655 :: 15827 [HikariPool-1:connection-adder] DEBUG com.zaxxer.hikari.pool.HikariPool - HikariPool-1 - Added connection com.mysql.cj.jdbc.ConnectionImpl@193e8182
2025-10-01 10:40:23,686 :: 15858 [HikariPool-1:connection-adder] DEBUG com.zaxxer.hikari.pool.HikariPool - HikariPool-1 - After adding stats (total=8/10, idle=8/10, active=0, waiting=0)
2025-10-01 10:40:23,687 :: 15859 [HikariPool-1:connection-adder] DEBUG com.zaxxer.hikari.pool.PoolBase - HikariPool-1 - Attempting to create/setup new connection (d5988154-5115-4012-a7db-c62246172582)
2025-10-01 10:40:23,716 :: 15888 [HikariPool-1:connection-adder] DEBUG com.zaxxer.hikari.pool.PoolBase - HikariPool-1 - Established new connection (d5988154-5115-4012-a7db-c62246172582)
2025-10-01 10:40:23,716 :: 15888 [HikariPool-1:connection-adder] DEBUG com.zaxxer.hikari.pool.HikariPool - HikariPool-1 - Added connection com.mysql.cj.jdbc.ConnectionImpl@1e47137f
2025-10-01 10:40:23,748 :: 15920 [HikariPool-1:connection-adder] DEBUG com.zaxxer.hikari.pool.HikariPool - HikariPool-1 - After adding stats (total=9/10, idle=9/10, active=0, waiting=0)
2025-10-01 10:40:23,748 :: 15920 [HikariPool-1:connection-adder] DEBUG com.zaxxer.hikari.pool.PoolBase - HikariPool-1 - Attempting to create/setup new connection (33fe5c16-db7c-4174-bfa5-a657cdc29898)
2025-10-01 10:40:23,816 :: 15988 [HikariPool-1:connection-adder] DEBUG com.zaxxer.hikari.pool.PoolBase - HikariPool-1 - Established new connection (33fe5c16-db7c-4174-bfa5-a657cdc29898)
2025-10-01 10:40:23,817 :: 15989 [HikariPool-1:connection-adder] DEBUG com.zaxxer.hikari.pool.HikariPool - HikariPool-1 - Added connection com.mysql.cj.jdbc.ConnectionImpl@73951eb0
2025-10-01 10:40:23,848 :: 16020 [HikariPool-1:connection-adder] DEBUG com.zaxxer.hikari.pool.HikariPool - HikariPool-1 - After adding stats (total=10/10, idle=10/10, active=0, waiting=0)
2025-10-01 10:40:23,848 :: 16020 [HikariPool-1:connection-adder] DEBUG com.zaxxer.hikari.pool.HikariPool - HikariPool-1 - Connection not added, stats (total=10/10, idle=10/10, active=0, waiting=0)
